INFO:     Will watch for changes in these directories: ['/Users/vishnuvikasreddyr/Documents/flash/backend']
INFO:     Uvicorn running on http://127.0.0.1:8000 (Press CTRL+C to quit)
INFO:     Started reloader process [46939] using WatchFiles
Process SpawnProcess-1:
Traceback (most recent call last):
  File "/Users/vishnuvikasreddyr/anaconda3/envs/cyrusenv/lib/python3.10/multiprocessing/process.py", line 314, in _bootstrap
    self.run()
  File "/Users/vishnuvikasreddyr/anaconda3/envs/cyrusenv/lib/python3.10/multiprocessing/process.py", line 108, in run
    self._target(*self._args, **self._kwargs)
  File "/Users/vishnuvikasreddyr/anaconda3/envs/cyrusenv/lib/python3.10/site-packages/uvicorn/_subprocess.py", line 80, in subprocess_started
    target(sockets=sockets)
  File "/Users/vishnuvikasreddyr/anaconda3/envs/cyrusenv/lib/python3.10/site-packages/uvicorn/server.py", line 65, in run
    return asyncio.run(self.serve(sockets=sockets))
  File "/Users/vishnuvikasreddyr/anaconda3/envs/cyrusenv/lib/python3.10/asyncio/runners.py", line 44, in run
    return loop.run_until_complete(main)
  File "uvloop/loop.pyx", line 1518, in uvloop.loop.Loop.run_until_complete
  File "/Users/vishnuvikasreddyr/anaconda3/envs/cyrusenv/lib/python3.10/site-packages/uvicorn/server.py", line 69, in serve
    await self._serve(sockets)
  File "/Users/vishnuvikasreddyr/anaconda3/envs/cyrusenv/lib/python3.10/site-packages/uvicorn/server.py", line 76, in _serve
    config.load()
  File "/Users/vishnuvikasreddyr/anaconda3/envs/cyrusenv/lib/python3.10/site-packages/uvicorn/config.py", line 434, in load
    self.loaded_app = import_from_string(self.app)
  File "/Users/vishnuvikasreddyr/anaconda3/envs/cyrusenv/lib/python3.10/site-packages/uvicorn/importer.py", line 19, in import_from_string
    module = importlib.import_module(module_str)
  File "/Users/vishnuvikasreddyr/anaconda3/envs/cyrusenv/lib/python3.10/importlib/__init__.py", line 126, in import_module
    return _bootstrap._gcd_import(name[level:], package, level)
  File "<frozen importlib._bootstrap>", line 1050, in _gcd_import
  File "<frozen importlib._bootstrap>", line 1027, in _find_and_load
  File "<frozen importlib._bootstrap>", line 1006, in _find_and_load_unlocked
  File "<frozen importlib._bootstrap>", line 688, in _load_unlocked
  File "<frozen importlib._bootstrap_external>", line 883, in exec_module
  File "<frozen importlib._bootstrap>", line 241, in _call_with_frames_removed
  File "/Users/vishnuvikasreddyr/Documents/flash/backend/backend.py", line 119, in <module>
    class PrintJobRequest(BaseModel):
  File "/Users/vishnuvikasreddyr/Documents/flash/backend/backend.py", line 124, in PrintJobRequest
    paper_type: str = Field(default="A4", regex="^(A4|A3|Letter|Legal|Thick|Glossy|Poster)$")
  File "/Users/vishnuvikasreddyr/anaconda3/envs/cyrusenv/lib/python3.10/site-packages/pydantic/fields.py", line 1073, in Field
    raise PydanticUserError('`regex` is removed. use `pattern` instead', code='removed-kwargs')
pydantic.errors.PydanticUserError: `regex` is removed. use `pattern` instead

For further information visit https://errors.pydantic.dev/2.11/u/removed-kwargs
INFO:     Stopping reloader process [46939]
